<?xml version="1.0" encoding="UTF-8"?>
<!-- Generated by org.testng.reporters.JUnitReportReporter -->
<testsuite skipped="0" hostname="NANI" name="jenkins_package.Testjenkins" tests="1" failures="0" timestamp="01 Sep 2017 21:17:23 GMT" time="46.500" errors="0">
  <testcase name="testAddition" time="46.500" classname="jenkins_package.Testjenkins"/>
</testsuite> <!-- jenkins_package.Testjenkins -->
